[0.007s] Invoking command in '/home/bakerherrin/ros2_ws/src/practice_robot/build/my_bot': CMAKE_PREFIX_PATH=/opt/ros/humble CONDA_PROMPT_MODIFIER=(base) /home/bakerherrin/anaconda3/bin/cmake /home/bakerherrin/ros2_ws/src/practice_robot -DCMAKE_INSTALL_PREFIX=/home/bakerherrin/ros2_ws/src/practice_robot/install/my_bot
[0.155s] -- The C compiler identification is GNU 11.3.0
[0.227s] -- The CXX compiler identification is GNU 11.3.0
[0.237s] -- Detecting C compiler ABI info
[0.280s] -- Detecting C compiler ABI info - done
[0.286s] -- Check for working C compiler: /usr/lib/ccache/cc - skipped
[0.286s] -- Detecting C compile features
[0.286s] -- Detecting C compile features - done
[0.289s] -- Detecting CXX compiler ABI info
[0.335s] -- Detecting CXX compiler ABI info - done
[0.342s] -- Check for working CXX compiler: /usr/lib/ccache/c++ - skipped
[0.342s] -- Detecting CXX compile features
[0.342s] -- Detecting CXX compile features - done
[0.345s] -- Found ament_cmake: 1.3.3 (/opt/ros/humble/share/ament_cmake/cmake)
[0.815s] -- Found Python3: /usr/bin/python3.10 (found version "3.10.6") found components: Interpreter 
[0.868s] -- Found ament_lint_auto: 0.12.5 (/opt/ros/humble/share/ament_lint_auto/cmake)
[0.915s] -- Added test 'copyright' to check source files copyright and LICENSE
[0.918s] -- Added test 'cppcheck' to perform static code analysis on C / C++ code
[0.918s] -- Configured cppcheck include dirs: 
[0.918s] -- Configured cppcheck exclude dirs and/or files: 
[0.920s] -- Added test 'cpplint' to check C / C++ code against the Google style
[0.920s] -- Configured cpplint exclude dirs and/or files: 
[0.921s] -- Added test 'flake8' to check Python code syntax and style conventions
[0.922s] -- Added test 'lint_cmake' to check CMake code style
[0.923s] -- Added test 'pep257' to check Python code against some of the docstring style conventions in PEP 257
[0.926s] -- Added test 'uncrustify' to check C / C++ code style
[0.926s] -- Configured uncrustify additional arguments: 
[0.927s] -- Added test 'xmllint' to check XML markup files
[0.927s] -- Configuring done (0.9s)
[0.929s] -- Generating done (0.0s)
[0.930s] -- Build files have been written to: /home/bakerherrin/ros2_ws/src/practice_robot/build/my_bot
[0.935s] Invoked command in '/home/bakerherrin/ros2_ws/src/practice_robot/build/my_bot' returned '0': CMAKE_PREFIX_PATH=/opt/ros/humble CONDA_PROMPT_MODIFIER=(base) /home/bakerherrin/anaconda3/bin/cmake /home/bakerherrin/ros2_ws/src/practice_robot -DCMAKE_INSTALL_PREFIX=/home/bakerherrin/ros2_ws/src/practice_robot/install/my_bot
[0.936s] Invoking command in '/home/bakerherrin/ros2_ws/src/practice_robot/build/my_bot': CMAKE_PREFIX_PATH=/opt/ros/humble CONDA_PROMPT_MODIFIER=(base) /home/bakerherrin/anaconda3/bin/cmake --build /home/bakerherrin/ros2_ws/src/practice_robot/build/my_bot -- -j20 -l20
[0.963s] Invoked command in '/home/bakerherrin/ros2_ws/src/practice_robot/build/my_bot' returned '0': CMAKE_PREFIX_PATH=/opt/ros/humble CONDA_PROMPT_MODIFIER=(base) /home/bakerherrin/anaconda3/bin/cmake --build /home/bakerherrin/ros2_ws/src/practice_robot/build/my_bot -- -j20 -l20
[1.010s] Invoking command in '/home/bakerherrin/ros2_ws/src/practice_robot/build/my_bot': CMAKE_PREFIX_PATH=/opt/ros/humble CONDA_PROMPT_MODIFIER=(base) /home/bakerherrin/anaconda3/bin/cmake --install /home/bakerherrin/ros2_ws/src/practice_robot/build/my_bot
[1.027s] -- Install configuration: ""
[1.027s] -- Installing: /home/bakerherrin/ros2_ws/src/practice_robot/install/my_bot/share/my_bot/config
[1.027s] -- Installing: /home/bakerherrin/ros2_ws/src/practice_robot/install/my_bot/share/my_bot/config/empty.yaml
[1.027s] -- Installing: /home/bakerherrin/ros2_ws/src/practice_robot/install/my_bot/share/my_bot/description
[1.027s] -- Installing: /home/bakerherrin/ros2_ws/src/practice_robot/install/my_bot/share/my_bot/description/robot.urdf.xacro
[1.027s] -- Installing: /home/bakerherrin/ros2_ws/src/practice_robot/install/my_bot/share/my_bot/description/robot_core.xacro
[1.027s] -- Installing: /home/bakerherrin/ros2_ws/src/practice_robot/install/my_bot/share/my_bot/launch
[1.027s] -- Installing: /home/bakerherrin/ros2_ws/src/practice_robot/install/my_bot/share/my_bot/launch/rsp.launch.py
[1.027s] -- Installing: /home/bakerherrin/ros2_ws/src/practice_robot/install/my_bot/share/my_bot/worlds
[1.027s] -- Installing: /home/bakerherrin/ros2_ws/src/practice_robot/install/my_bot/share/my_bot/worlds/empty.world
[1.027s] -- Installing: /home/bakerherrin/ros2_ws/src/practice_robot/install/my_bot/share/ament_index/resource_index/package_run_dependencies/my_bot
[1.027s] -- Installing: /home/bakerherrin/ros2_ws/src/practice_robot/install/my_bot/share/ament_index/resource_index/parent_prefix_path/my_bot
[1.027s] -- Installing: /home/bakerherrin/ros2_ws/src/practice_robot/install/my_bot/share/my_bot/environment/ament_prefix_path.sh
[1.027s] -- Installing: /home/bakerherrin/ros2_ws/src/practice_robot/install/my_bot/share/my_bot/environment/ament_prefix_path.dsv
[1.027s] -- Installing: /home/bakerherrin/ros2_ws/src/practice_robot/install/my_bot/share/my_bot/environment/path.sh
[1.027s] -- Installing: /home/bakerherrin/ros2_ws/src/practice_robot/install/my_bot/share/my_bot/environment/path.dsv
[1.027s] -- Installing: /home/bakerherrin/ros2_ws/src/practice_robot/install/my_bot/share/my_bot/local_setup.bash
[1.027s] -- Installing: /home/bakerherrin/ros2_ws/src/practice_robot/install/my_bot/share/my_bot/local_setup.sh
[1.027s] -- Installing: /home/bakerherrin/ros2_ws/src/practice_robot/install/my_bot/share/my_bot/local_setup.zsh
[1.027s] -- Installing: /home/bakerherrin/ros2_ws/src/practice_robot/install/my_bot/share/my_bot/local_setup.dsv
[1.027s] -- Installing: /home/bakerherrin/ros2_ws/src/practice_robot/install/my_bot/share/my_bot/package.dsv
[1.027s] -- Installing: /home/bakerherrin/ros2_ws/src/practice_robot/install/my_bot/share/ament_index/resource_index/packages/my_bot
[1.027s] -- Installing: /home/bakerherrin/ros2_ws/src/practice_robot/install/my_bot/share/my_bot/cmake/my_botConfig.cmake
[1.027s] -- Installing: /home/bakerherrin/ros2_ws/src/practice_robot/install/my_bot/share/my_bot/cmake/my_botConfig-version.cmake
[1.027s] -- Installing: /home/bakerherrin/ros2_ws/src/practice_robot/install/my_bot/share/my_bot/package.xml
[1.032s] Invoked command in '/home/bakerherrin/ros2_ws/src/practice_robot/build/my_bot' returned '0': CMAKE_PREFIX_PATH=/opt/ros/humble CONDA_PROMPT_MODIFIER=(base) /home/bakerherrin/anaconda3/bin/cmake --install /home/bakerherrin/ros2_ws/src/practice_robot/build/my_bot
