[0.156s] DEBUG:colcon:Command line arguments: ['/usr/bin/colcon', 'build']
[0.156s] DEBUG:colcon:Parsed command line arguments: Namespace(log_base=None, log_level=None, verb_name='build', build_base='build', install_base='install', merge_install=False, symlink_install=False, test_result_base=None, continue_on_error=False, executor='parallel', parallel_workers=20, event_handlers=None, ignore_user_meta=False, metas=['./colcon.meta'], base_paths=['.'], packages_ignore=None, packages_ignore_regex=None, paths=None, packages_up_to=None, packages_up_to_regex=None, packages_above=None, packages_above_and_dependencies=None, packages_above_depth=None, packages_select_by_dep=None, packages_skip_by_dep=None, packages_skip_up_to=None, packages_select_build_failed=False, packages_skip_build_finished=False, packages_select_test_failures=False, packages_skip_test_passed=False, packages_select=None, packages_skip=None, packages_select_regex=None, packages_skip_regex=None, packages_start=None, packages_end=None, allow_overriding=[], cmake_args=None, cmake_target=None, cmake_target_skip_unavailable=False, cmake_clean_cache=False, cmake_clean_first=False, cmake_force_configure=False, ament_cmake_args=None, catkin_cmake_args=None, catkin_skip_building_tests=False, verb_parser=<colcon_defaults.argument_parser.defaults.DefaultArgumentsDecorator object at 0x7fe17d0bed40>, verb_extension=<colcon_core.verb.build.BuildVerb object at 0x7fe17d8c4100>, main=<bound method BuildVerb.main of <colcon_core.verb.build.BuildVerb object at 0x7fe17d8c4100>>)
[0.172s] Level 1:colcon.colcon_core.package_discovery:discover_packages(colcon_meta) check parameters
[0.172s] Level 1:colcon.colcon_core.package_discovery:discover_packages(recursive) check parameters
[0.172s] Level 1:colcon.colcon_core.package_discovery:discover_packages(ignore) check parameters
[0.172s] Level 1:colcon.colcon_core.package_discovery:discover_packages(path) check parameters
[0.172s] Level 1:colcon.colcon_core.package_discovery:discover_packages(colcon_meta) discover
[0.172s] Level 1:colcon.colcon_core.package_discovery:discover_packages(recursive) discover
[0.172s] INFO:colcon.colcon_core.package_discovery:Crawling recursively for packages in '/home/bakerherrin/ros2_ws/src/practice_robot'
[0.172s] Level 1:colcon.colcon_core.package_identification:_identify(.) by extensions ['ignore', 'ignore_ament_install']
[0.172s] Level 1:colcon.colcon_core.package_identification:_identify(.) by extension 'ignore'
[0.172s] Level 1:colcon.colcon_core.package_identification:_identify(.) by extension 'ignore_ament_install'
[0.172s] Level 1:colcon.colcon_core.package_identification:_identify(.) by extensions ['colcon_pkg']
[0.172s] Level 1:colcon.colcon_core.package_identification:_identify(.) by extension 'colcon_pkg'
[0.172s] Level 1:colcon.colcon_core.package_identification:_identify(.) by extensions ['colcon_meta']
[0.172s] Level 1:colcon.colcon_core.package_identification:_identify(.) by extension 'colcon_meta'
[0.172s] Level 1:colcon.colcon_core.package_identification:_identify(.) by extensions ['ros']
[0.172s] Level 1:colcon.colcon_core.package_identification:_identify(.) by extension 'ros'
[0.180s] DEBUG:colcon.colcon_core.package_identification:Package '.' with type 'ros.ament_cmake' and name 'my_bot'
[0.180s] Level 1:colcon.colcon_core.package_discovery:discover_packages(recursive) using defaults
[0.180s] Level 1:colcon.colcon_core.package_discovery:discover_packages(ignore) discover
[0.180s] Level 1:colcon.colcon_core.package_discovery:discover_packages(ignore) using defaults
[0.180s] Level 1:colcon.colcon_core.package_discovery:discover_packages(path) discover
[0.180s] Level 1:colcon.colcon_core.package_discovery:discover_packages(path) using defaults
[0.192s] Level 1:colcon.colcon_core.package_discovery:discover_packages(prefix_path) check parameters
[0.192s] Level 1:colcon.colcon_core.package_discovery:discover_packages(prefix_path) discover
[0.194s] DEBUG:colcon.colcon_installed_package_information.package_discovery:Found 287 installed packages in /opt/ros/humble
[0.194s] Level 1:colcon.colcon_core.package_discovery:discover_packages(prefix_path) using defaults
[0.227s] Level 5:colcon.colcon_core.verb:set package 'my_bot' build argument 'cmake_args' from command line to 'None'
[0.227s] Level 5:colcon.colcon_core.verb:set package 'my_bot' build argument 'cmake_target' from command line to 'None'
[0.227s] Level 5:colcon.colcon_core.verb:set package 'my_bot' build argument 'cmake_target_skip_unavailable' from command line to 'False'
[0.227s] Level 5:colcon.colcon_core.verb:set package 'my_bot' build argument 'cmake_clean_cache' from command line to 'False'
[0.227s] Level 5:colcon.colcon_core.verb:set package 'my_bot' build argument 'cmake_clean_first' from command line to 'False'
[0.227s] Level 5:colcon.colcon_core.verb:set package 'my_bot' build argument 'cmake_force_configure' from command line to 'False'
[0.227s] Level 5:colcon.colcon_core.verb:set package 'my_bot' build argument 'ament_cmake_args' from command line to 'None'
[0.227s] Level 5:colcon.colcon_core.verb:set package 'my_bot' build argument 'catkin_cmake_args' from command line to 'None'
[0.227s] Level 5:colcon.colcon_core.verb:set package 'my_bot' build argument 'catkin_skip_building_tests' from command line to 'False'
[0.227s] DEBUG:colcon.colcon_core.verb:Building package 'my_bot' with the following arguments: {'ament_cmake_args': None, 'build_base': '/home/bakerherrin/ros2_ws/src/practice_robot/build/my_bot', 'catkin_cmake_args': None, 'catkin_skip_building_tests': False, 'cmake_args': None, 'cmake_clean_cache': False, 'cmake_clean_first': False, 'cmake_force_configure': False, 'cmake_target': None, 'cmake_target_skip_unavailable': False, 'install_base': '/home/bakerherrin/ros2_ws/src/practice_robot/install/my_bot', 'merge_install': False, 'path': '/home/bakerherrin/ros2_ws/src/practice_robot', 'symlink_install': False, 'test_result_base': None}
[0.228s] INFO:colcon.colcon_core.executor:Executing jobs using 'parallel' executor
[0.229s] DEBUG:colcon.colcon_parallel_executor.executor.parallel:run_until_complete
[0.230s] INFO:colcon.colcon_ros.task.ament_cmake.build:Building ROS package in '/home/bakerherrin/ros2_ws/src/practice_robot' with build type 'ament_cmake'
[0.230s] INFO:colcon.colcon_cmake.task.cmake.build:Building CMake package in '/home/bakerherrin/ros2_ws/src/practice_robot'
[0.232s] INFO:colcon.colcon_core.plugin_system:Skipping extension 'colcon_core.shell.bat': Not used on non-Windows systems
[0.232s] INFO:colcon.colcon_core.shell:Skip shell extension 'powershell' for command environment: Not usable outside of PowerShell
[0.232s] DEBUG:colcon.colcon_core.shell:Skip shell extension 'dsv' for command environment
[0.236s] DEBUG:colcon.colcon_core.event_handler.log_command:Invoking command in '/home/bakerherrin/ros2_ws/src/practice_robot/build/my_bot': CMAKE_PREFIX_PATH=/opt/ros/humble CONDA_PROMPT_MODIFIER=(base) /home/bakerherrin/anaconda3/bin/cmake /home/bakerherrin/ros2_ws/src/practice_robot -DCMAKE_INSTALL_PREFIX=/home/bakerherrin/ros2_ws/src/practice_robot/install/my_bot
[1.164s] DEBUG:colcon.colcon_core.event_handler.log_command:Invoked command in '/home/bakerherrin/ros2_ws/src/practice_robot/build/my_bot' returned '0': CMAKE_PREFIX_PATH=/opt/ros/humble CONDA_PROMPT_MODIFIER=(base) /home/bakerherrin/anaconda3/bin/cmake /home/bakerherrin/ros2_ws/src/practice_robot -DCMAKE_INSTALL_PREFIX=/home/bakerherrin/ros2_ws/src/practice_robot/install/my_bot
[1.165s] DEBUG:colcon.colcon_core.event_handler.log_command:Invoking command in '/home/bakerherrin/ros2_ws/src/practice_robot/build/my_bot': CMAKE_PREFIX_PATH=/opt/ros/humble CONDA_PROMPT_MODIFIER=(base) /home/bakerherrin/anaconda3/bin/cmake --build /home/bakerherrin/ros2_ws/src/practice_robot/build/my_bot -- -j20 -l20
[1.193s] DEBUG:colcon.colcon_core.event_handler.log_command:Invoked command in '/home/bakerherrin/ros2_ws/src/practice_robot/build/my_bot' returned '0': CMAKE_PREFIX_PATH=/opt/ros/humble CONDA_PROMPT_MODIFIER=(base) /home/bakerherrin/anaconda3/bin/cmake --build /home/bakerherrin/ros2_ws/src/practice_robot/build/my_bot -- -j20 -l20
[1.239s] DEBUG:colcon.colcon_core.event_handler.log_command:Invoking command in '/home/bakerherrin/ros2_ws/src/practice_robot/build/my_bot': CMAKE_PREFIX_PATH=/opt/ros/humble CONDA_PROMPT_MODIFIER=(base) /home/bakerherrin/anaconda3/bin/cmake --install /home/bakerherrin/ros2_ws/src/practice_robot/build/my_bot
[1.260s] Level 1:colcon.colcon_core.environment:create_environment_scripts_only(my_bot)
[1.261s] DEBUG:colcon.colcon_core.event_handler.log_command:Invoked command in '/home/bakerherrin/ros2_ws/src/practice_robot/build/my_bot' returned '0': CMAKE_PREFIX_PATH=/opt/ros/humble CONDA_PROMPT_MODIFIER=(base) /home/bakerherrin/anaconda3/bin/cmake --install /home/bakerherrin/ros2_ws/src/practice_robot/build/my_bot
[1.263s] Level 1:colcon.colcon_core.environment:checking '/home/bakerherrin/ros2_ws/src/practice_robot/install/my_bot' for CMake module files
[1.263s] Level 1:colcon.colcon_core.environment:checking '/home/bakerherrin/ros2_ws/src/practice_robot/install/my_bot' for CMake config files
[1.263s] Level 1:colcon.colcon_core.shell:create_environment_hook('my_bot', 'cmake_prefix_path')
[1.264s] INFO:colcon.colcon_core.shell:Creating environment hook '/home/bakerherrin/ros2_ws/src/practice_robot/install/my_bot/share/my_bot/hook/cmake_prefix_path.ps1'
[1.264s] INFO:colcon.colcon_core.shell:Creating environment descriptor '/home/bakerherrin/ros2_ws/src/practice_robot/install/my_bot/share/my_bot/hook/cmake_prefix_path.dsv'
[1.264s] INFO:colcon.colcon_core.shell:Creating environment hook '/home/bakerherrin/ros2_ws/src/practice_robot/install/my_bot/share/my_bot/hook/cmake_prefix_path.sh'
[1.265s] Level 1:colcon.colcon_core.environment:checking '/home/bakerherrin/ros2_ws/src/practice_robot/install/my_bot/bin'
[1.265s] Level 1:colcon.colcon_core.environment:checking '/home/bakerherrin/ros2_ws/src/practice_robot/install/my_bot/lib/pkgconfig/my_bot.pc'
[1.265s] Level 1:colcon.colcon_core.environment:checking '/home/bakerherrin/ros2_ws/src/practice_robot/install/my_bot/lib/python3.10/site-packages'
[1.265s] Level 1:colcon.colcon_core.environment:checking '/home/bakerherrin/ros2_ws/src/practice_robot/install/my_bot/bin'
[1.265s] INFO:colcon.colcon_core.shell:Creating package script '/home/bakerherrin/ros2_ws/src/practice_robot/install/my_bot/share/my_bot/package.ps1'
[1.266s] INFO:colcon.colcon_core.shell:Creating package descriptor '/home/bakerherrin/ros2_ws/src/practice_robot/install/my_bot/share/my_bot/package.dsv'
[1.266s] INFO:colcon.colcon_core.shell:Creating package script '/home/bakerherrin/ros2_ws/src/practice_robot/install/my_bot/share/my_bot/package.sh'
[1.266s] INFO:colcon.colcon_core.shell:Creating package script '/home/bakerherrin/ros2_ws/src/practice_robot/install/my_bot/share/my_bot/package.bash'
[1.267s] INFO:colcon.colcon_core.shell:Creating package script '/home/bakerherrin/ros2_ws/src/practice_robot/install/my_bot/share/my_bot/package.zsh'
[1.267s] Level 1:colcon.colcon_core.environment:create_file_with_runtime_dependencies(/home/bakerherrin/ros2_ws/src/practice_robot/install/my_bot/share/colcon-core/packages/my_bot)
[1.294s] Level 1:colcon.colcon_core.environment:create_environment_scripts_only(my_bot)
[1.294s] Level 1:colcon.colcon_core.environment:checking '/home/bakerherrin/ros2_ws/src/practice_robot/install/my_bot' for CMake module files
[1.295s] Level 1:colcon.colcon_core.environment:checking '/home/bakerherrin/ros2_ws/src/practice_robot/install/my_bot' for CMake config files
[1.295s] Level 1:colcon.colcon_core.shell:create_environment_hook('my_bot', 'cmake_prefix_path')
[1.295s] INFO:colcon.colcon_core.shell:Creating environment hook '/home/bakerherrin/ros2_ws/src/practice_robot/install/my_bot/share/my_bot/hook/cmake_prefix_path.ps1'
[1.296s] INFO:colcon.colcon_core.shell:Creating environment descriptor '/home/bakerherrin/ros2_ws/src/practice_robot/install/my_bot/share/my_bot/hook/cmake_prefix_path.dsv'
[1.296s] INFO:colcon.colcon_core.shell:Creating environment hook '/home/bakerherrin/ros2_ws/src/practice_robot/install/my_bot/share/my_bot/hook/cmake_prefix_path.sh'
[1.296s] Level 1:colcon.colcon_core.environment:checking '/home/bakerherrin/ros2_ws/src/practice_robot/install/my_bot/bin'
[1.296s] Level 1:colcon.colcon_core.environment:checking '/home/bakerherrin/ros2_ws/src/practice_robot/install/my_bot/lib/pkgconfig/my_bot.pc'
[1.296s] Level 1:colcon.colcon_core.environment:checking '/home/bakerherrin/ros2_ws/src/practice_robot/install/my_bot/lib/python3.10/site-packages'
[1.296s] Level 1:colcon.colcon_core.environment:checking '/home/bakerherrin/ros2_ws/src/practice_robot/install/my_bot/bin'
[1.297s] INFO:colcon.colcon_core.shell:Creating package script '/home/bakerherrin/ros2_ws/src/practice_robot/install/my_bot/share/my_bot/package.ps1'
[1.297s] INFO:colcon.colcon_core.shell:Creating package descriptor '/home/bakerherrin/ros2_ws/src/practice_robot/install/my_bot/share/my_bot/package.dsv'
[1.297s] INFO:colcon.colcon_core.shell:Creating package script '/home/bakerherrin/ros2_ws/src/practice_robot/install/my_bot/share/my_bot/package.sh'
[1.297s] INFO:colcon.colcon_core.shell:Creating package script '/home/bakerherrin/ros2_ws/src/practice_robot/install/my_bot/share/my_bot/package.bash'
[1.297s] INFO:colcon.colcon_core.shell:Creating package script '/home/bakerherrin/ros2_ws/src/practice_robot/install/my_bot/share/my_bot/package.zsh'
[1.298s] Level 1:colcon.colcon_core.environment:create_file_with_runtime_dependencies(/home/bakerherrin/ros2_ws/src/practice_robot/install/my_bot/share/colcon-core/packages/my_bot)
[1.298s] DEBUG:colcon.colcon_parallel_executor.executor.parallel:closing loop
[1.298s] DEBUG:colcon.colcon_parallel_executor.executor.parallel:loop closed
[1.298s] DEBUG:colcon.colcon_parallel_executor.executor.parallel:run_until_complete finished with '0'
[1.298s] DEBUG:colcon.colcon_core.event_reactor:joining thread
[1.301s] INFO:colcon.colcon_core.plugin_system:Skipping extension 'colcon_notification.desktop_notification.notify_send': Could not find 'notify-send'
[1.301s] INFO:colcon.colcon_core.plugin_system:Skipping extension 'colcon_notification.desktop_notification.terminal_notifier': Not used on non-Darwin systems
[1.301s] INFO:colcon.colcon_core.plugin_system:Skipping extension 'colcon_notification.desktop_notification.win32': Not used on non-Windows systems
[1.301s] INFO:colcon.colcon_notification.desktop_notification:Sending desktop notification using 'notify2'
[1.309s] DEBUG:colcon.colcon_core.event_reactor:joined thread
[1.309s] INFO:colcon.colcon_core.shell:Creating prefix script '/home/bakerherrin/ros2_ws/src/practice_robot/install/local_setup.ps1'
[1.310s] INFO:colcon.colcon_core.shell:Creating prefix util module '/home/bakerherrin/ros2_ws/src/practice_robot/install/_local_setup_util_ps1.py'
[1.311s] INFO:colcon.colcon_core.shell:Creating prefix chain script '/home/bakerherrin/ros2_ws/src/practice_robot/install/setup.ps1'
[1.311s] INFO:colcon.colcon_core.shell:Creating prefix script '/home/bakerherrin/ros2_ws/src/practice_robot/install/local_setup.sh'
[1.312s] INFO:colcon.colcon_core.shell:Creating prefix util module '/home/bakerherrin/ros2_ws/src/practice_robot/install/_local_setup_util_sh.py'
[1.312s] INFO:colcon.colcon_core.shell:Creating prefix chain script '/home/bakerherrin/ros2_ws/src/practice_robot/install/setup.sh'
[1.312s] INFO:colcon.colcon_core.shell:Creating prefix script '/home/bakerherrin/ros2_ws/src/practice_robot/install/local_setup.bash'
[1.313s] INFO:colcon.colcon_core.shell:Creating prefix chain script '/home/bakerherrin/ros2_ws/src/practice_robot/install/setup.bash'
[1.313s] INFO:colcon.colcon_core.shell:Creating prefix script '/home/bakerherrin/ros2_ws/src/practice_robot/install/local_setup.zsh'
[1.314s] INFO:colcon.colcon_core.shell:Creating prefix chain script '/home/bakerherrin/ros2_ws/src/practice_robot/install/setup.zsh'
